<?xml version="1.0" encoding="UTF-8"?>
<testng-results skipped="0" failed="0" ignored="0" total="1" passed="1">
  <reporter-output>
  </reporter-output>
  <suite name="Surefire suite" duration-ms="118" started-at="2021-09-04T18:20:23 IST" finished-at="2021-09-04T18:20:23 IST">
    <groups>
    </groups>
    <test name="Surefire test" duration-ms="118" started-at="2021-09-04T18:20:23 IST" finished-at="2021-09-04T18:20:23 IST">
      <class name="seleniumLearning.MavenJava.DemoTest">
        <test-method status="PASS" signature="demo()[pri:0, instance:seleniumLearning.MavenJava.DemoTest@3c0f93f1]" name="demo" duration-ms="12" started-at="2021-09-04T18:20:23 IST" finished-at="2021-09-04T18:20:23 IST">
          <reporter-output>
          </reporter-output>
        </test-method> <!-- demo -->
      </class> <!-- seleniumLearning.MavenJava.DemoTest -->
    </test> <!-- Surefire test -->
  </suite> <!-- Surefire suite -->
</testng-results>
