<?xml version="1.0" encoding="UTF-8"?>
<testng-results skipped="0" failed="0" ignored="0" total="1" passed="1">
  <reporter-output>
  </reporter-output>
  <suite name="Default suite" duration-ms="352" started-at="2021-09-04T12:40:18Z" finished-at="2021-09-04T12:40:18Z">
    <groups>
    </groups>
    <test name="Default test" duration-ms="352" started-at="2021-09-04T12:40:18Z" finished-at="2021-09-04T12:40:18Z">
      <class name="seleniumLearning.MavenJava.Test1">
        <test-method status="PASS" signature="demo()[pri:0, instance:seleniumLearning.MavenJava.Test1@1bc776b7]" name="demo" duration-ms="60" started-at="2021-09-04T12:40:18Z" finished-at="2021-09-04T12:40:18Z">
          <reporter-output>
          </reporter-output>
        </test-method> <!-- demo -->
      </class> <!-- seleniumLearning.MavenJava.Test1 -->
    </test> <!-- Default test -->
  </suite> <!-- Default suite -->
</testng-results>
